<?xml version="1.0" encoding="UTF-8"?>
<!-- Generated by org.testng.reporters.JUnitReportReporter -->
<testsuite skipped="0" hostname="dev-2.local" name="org.apache.struts2.testng.TestNGStrutsTestCaseTest$RunTest" tests="1" failures="0" timestamp="2023-09-11T09:54:44 CEST" time="0.001" errors="0">
  <testcase name="testRun" time="0.001" classname="org.apache.struts2.testng.TestNGStrutsTestCaseTest$RunTest"/>
  <system-out/>
</testsuite> <!-- org.apache.struts2.testng.TestNGStrutsTestCaseTest$RunTest -->
